2023-06-20 21:50:45,204 INFO  [restartedMain] com.tpe.SpringBootIntroApplication:Starting SpringBootIntroApplication using Java 20.0.1 on omer with PID 3192 (C:\Users\Ömer\Desktop\GitProjectsNT\SpringBootIntro\target\classes started by Ömer in C:\Users\Ömer\Desktop\GitProjectsNT\SpringBootIntro)
2023-06-20 21:50:45,216 INFO  [restartedMain] com.tpe.SpringBootIntroApplication:No active profile set, falling back to default profiles: default
2023-06-20 21:50:45,313 INFO  [restartedMain] org.springframework.boot.devtools.env.DevToolsPropertyDefaultsPostProcessor:Devtools property defaults active! Set 'spring.devtools.add-properties' to 'false' to disable
2023-06-20 21:50:45,314 INFO  [restartedMain] org.springframework.boot.devtools.env.DevToolsPropertyDefaultsPostProcessor:For additional web related logging consider setting the 'logging.level.web' property to 'DEBUG'
2023-06-20 21:50:47,091 INFO  [restartedMain] org.springframework.data.repository.config.RepositoryConfigurationDelegate:Bootstrapping Spring Data JPA repositories in DEFAULT mode.
2023-06-20 21:50:47,180 INFO  [restartedMain] org.springframework.data.repository.config.RepositoryConfigurationDelegate:Finished Spring Data repository scanning in 76 ms. Found 3 JPA repository interfaces.
2023-06-20 21:50:48,309 INFO  [restartedMain] org.springframework.boot.web.embedded.tomcat.TomcatWebServer:Tomcat initialized with port(s): 8080 (http)
2023-06-20 21:50:48,330 INFO  [restartedMain] org.apache.catalina.core.StandardService:Starting service [Tomcat]
2023-06-20 21:50:48,331 INFO  [restartedMain] org.apache.catalina.core.StandardEngine:Starting Servlet engine: [Apache Tomcat/9.0.56]
2023-06-20 21:50:48,447 INFO  [restartedMain] org.apache.catalina.core.ContainerBase.[Tomcat].[localhost].[/]:Initializing Spring embedded WebApplicationContext
2023-06-20 21:50:48,448 INFO  [restartedMain] org.springframework.boot.web.servlet.context.ServletWebServerApplicationContext:Root WebApplicationContext: initialization completed in 3132 ms
2023-06-20 21:50:48,963 INFO  [restartedMain] org.hibernate.jpa.internal.util.LogHelper:HHH000204: Processing PersistenceUnitInfo [name: default]
2023-06-20 21:50:49,035 INFO  [restartedMain] org.hibernate.Version:HHH000412: Hibernate ORM core version 5.6.4.Final
2023-06-20 21:50:49,254 INFO  [restartedMain] org.hibernate.annotations.common.Version:HCANN000001: Hibernate Commons Annotations {5.1.2.Final}
2023-06-20 21:50:49,398 INFO  [restartedMain] com.zaxxer.hikari.HikariDataSource:HikariPool-1 - Starting...
2023-06-20 21:50:49,699 INFO  [restartedMain] com.zaxxer.hikari.HikariDataSource:HikariPool-1 - Start completed.
2023-06-20 21:50:49,728 INFO  [restartedMain] org.hibernate.dialect.Dialect:HHH000400: Using dialect: org.hibernate.dialect.PostgreSQLDialect
2023-06-20 21:50:50,995 INFO  [restartedMain] org.hibernate.engine.transaction.jta.platform.internal.JtaPlatformInitiator:HHH000490: Using JtaPlatform implementation: [org.hibernate.engine.transaction.jta.platform.internal.NoJtaPlatform]
2023-06-20 21:50:51,005 INFO  [restartedMain] org.springframework.orm.jpa.LocalContainerEntityManagerFactoryBean:Initialized JPA EntityManagerFactory for persistence unit 'default'
2023-06-20 21:50:51,943 WARN  [restartedMain] org.springframework.boot.autoconfigure.orm.jpa.JpaBaseConfiguration$JpaWebConfiguration:spring.jpa.open-in-view is enabled by default. Therefore, database queries may be performed during view rendering. Explicitly configure spring.jpa.open-in-view to disable this warning
2023-06-20 21:50:51,972 WARN  [restartedMain] org.springframework.boot.web.servlet.context.AnnotationConfigServletWebServerApplicationContext:Exception encountered during context initialization - cancelling refresh attempt: org.springframework.beans.factory.UnsatisfiedDependencyException: Error creating bean with name 'userController': Unsatisfied dependency expressed through field 'userService'; nested exception is org.springframework.beans.factory.UnsatisfiedDependencyException: Error creating bean with name 'userService': Unsatisfied dependency expressed through field 'passwordEncoder'; nested exception is org.springframework.beans.factory.UnsatisfiedDependencyException: Error creating bean with name 'webSecurityConfig': Unsatisfied dependency expressed through field 'userDetailsService'; nested exception is org.springframework.beans.factory.NoSuchBeanDefinitionException: No qualifying bean of type 'org.springframework.security.core.userdetails.UserDetailsService' available: expected at least 1 bean which qualifies as autowire candidate. Dependency annotations: {@org.springframework.beans.factory.annotation.Autowired(required=true)}
2023-06-20 21:50:51,973 INFO  [restartedMain] org.springframework.orm.jpa.LocalContainerEntityManagerFactoryBean:Closing JPA EntityManagerFactory for persistence unit 'default'
2023-06-20 21:50:51,977 INFO  [restartedMain] com.zaxxer.hikari.HikariDataSource:HikariPool-1 - Shutdown initiated...
2023-06-20 21:50:51,991 INFO  [restartedMain] com.zaxxer.hikari.HikariDataSource:HikariPool-1 - Shutdown completed.
2023-06-20 21:50:51,999 INFO  [restartedMain] org.apache.catalina.core.StandardService:Stopping service [Tomcat]
2023-06-20 21:50:52,029 INFO  [restartedMain] org.springframework.boot.autoconfigure.logging.ConditionEvaluationReportLoggingListener:

Error starting ApplicationContext. To display the conditions report re-run your application with 'debug' enabled.
2023-06-20 21:50:52,068 ERROR [restartedMain] org.springframework.boot.diagnostics.LoggingFailureAnalysisReporter:

***************************
APPLICATION FAILED TO START
***************************

Description:

Field userDetailsService in com.tpe.security.WebSecurityConfig required a bean of type 'org.springframework.security.core.userdetails.UserDetailsService' that could not be found.

The injection point has the following annotations:
	- @org.springframework.beans.factory.annotation.Autowired(required=true)


Action:

Consider defining a bean of type 'org.springframework.security.core.userdetails.UserDetailsService' in your configuration.

2023-06-20 21:51:10,385 INFO  [restartedMain] com.tpe.SpringBootIntroApplication:Starting SpringBootIntroApplication using Java 20.0.1 on omer with PID 256 (C:\Users\Ömer\Desktop\GitProjectsNT\SpringBootIntro\target\classes started by Ömer in C:\Users\Ömer\Desktop\GitProjectsNT\SpringBootIntro)
2023-06-20 21:51:10,393 INFO  [restartedMain] com.tpe.SpringBootIntroApplication:No active profile set, falling back to default profiles: default
2023-06-20 21:51:10,503 INFO  [restartedMain] org.springframework.boot.devtools.env.DevToolsPropertyDefaultsPostProcessor:Devtools property defaults active! Set 'spring.devtools.add-properties' to 'false' to disable
2023-06-20 21:51:10,504 INFO  [restartedMain] org.springframework.boot.devtools.env.DevToolsPropertyDefaultsPostProcessor:For additional web related logging consider setting the 'logging.level.web' property to 'DEBUG'
2023-06-20 21:51:12,603 INFO  [restartedMain] org.springframework.data.repository.config.RepositoryConfigurationDelegate:Bootstrapping Spring Data JPA repositories in DEFAULT mode.
2023-06-20 21:51:12,739 INFO  [restartedMain] org.springframework.data.repository.config.RepositoryConfigurationDelegate:Finished Spring Data repository scanning in 119 ms. Found 3 JPA repository interfaces.
2023-06-20 21:51:14,001 INFO  [restartedMain] org.springframework.boot.web.embedded.tomcat.TomcatWebServer:Tomcat initialized with port(s): 8080 (http)
2023-06-20 21:51:14,022 INFO  [restartedMain] org.apache.catalina.core.StandardService:Starting service [Tomcat]
2023-06-20 21:51:14,023 INFO  [restartedMain] org.apache.catalina.core.StandardEngine:Starting Servlet engine: [Apache Tomcat/9.0.56]
2023-06-20 21:51:14,131 INFO  [restartedMain] org.apache.catalina.core.ContainerBase.[Tomcat].[localhost].[/]:Initializing Spring embedded WebApplicationContext
2023-06-20 21:51:14,132 INFO  [restartedMain] org.springframework.boot.web.servlet.context.ServletWebServerApplicationContext:Root WebApplicationContext: initialization completed in 3624 ms
2023-06-20 21:51:14,800 INFO  [restartedMain] org.hibernate.jpa.internal.util.LogHelper:HHH000204: Processing PersistenceUnitInfo [name: default]
2023-06-20 21:51:14,868 INFO  [restartedMain] org.hibernate.Version:HHH000412: Hibernate ORM core version 5.6.4.Final
2023-06-20 21:51:15,101 INFO  [restartedMain] org.hibernate.annotations.common.Version:HCANN000001: Hibernate Commons Annotations {5.1.2.Final}
2023-06-20 21:51:15,256 INFO  [restartedMain] com.zaxxer.hikari.HikariDataSource:HikariPool-1 - Starting...
2023-06-20 21:51:15,558 INFO  [restartedMain] com.zaxxer.hikari.HikariDataSource:HikariPool-1 - Start completed.
2023-06-20 21:51:15,585 INFO  [restartedMain] org.hibernate.dialect.Dialect:HHH000400: Using dialect: org.hibernate.dialect.PostgreSQLDialect
2023-06-20 21:51:16,860 INFO  [restartedMain] org.hibernate.engine.transaction.jta.platform.internal.JtaPlatformInitiator:HHH000490: Using JtaPlatform implementation: [org.hibernate.engine.transaction.jta.platform.internal.NoJtaPlatform]
2023-06-20 21:51:16,871 INFO  [restartedMain] org.springframework.orm.jpa.LocalContainerEntityManagerFactoryBean:Initialized JPA EntityManagerFactory for persistence unit 'default'
2023-06-20 21:51:17,899 WARN  [restartedMain] org.springframework.boot.autoconfigure.orm.jpa.JpaBaseConfiguration$JpaWebConfiguration:spring.jpa.open-in-view is enabled by default. Therefore, database queries may be performed during view rendering. Explicitly configure spring.jpa.open-in-view to disable this warning
2023-06-20 21:51:17,923 WARN  [restartedMain] org.springframework.boot.web.servlet.context.AnnotationConfigServletWebServerApplicationContext:Exception encountered during context initialization - cancelling refresh attempt: org.springframework.beans.factory.UnsatisfiedDependencyException: Error creating bean with name 'userController': Unsatisfied dependency expressed through field 'userService'; nested exception is org.springframework.beans.factory.UnsatisfiedDependencyException: Error creating bean with name 'userService': Unsatisfied dependency expressed through field 'passwordEncoder'; nested exception is org.springframework.beans.factory.UnsatisfiedDependencyException: Error creating bean with name 'webSecurityConfig': Unsatisfied dependency expressed through field 'userDetailsService'; nested exception is org.springframework.beans.factory.NoSuchBeanDefinitionException: No qualifying bean of type 'org.springframework.security.core.userdetails.UserDetailsService' available: expected at least 1 bean which qualifies as autowire candidate. Dependency annotations: {@org.springframework.beans.factory.annotation.Autowired(required=true)}
2023-06-20 21:51:17,926 INFO  [restartedMain] org.springframework.orm.jpa.LocalContainerEntityManagerFactoryBean:Closing JPA EntityManagerFactory for persistence unit 'default'
2023-06-20 21:51:17,931 INFO  [restartedMain] com.zaxxer.hikari.HikariDataSource:HikariPool-1 - Shutdown initiated...
2023-06-20 21:51:17,948 INFO  [restartedMain] com.zaxxer.hikari.HikariDataSource:HikariPool-1 - Shutdown completed.
2023-06-20 21:51:17,959 INFO  [restartedMain] org.apache.catalina.core.StandardService:Stopping service [Tomcat]
2023-06-20 21:51:18,083 INFO  [restartedMain] org.springframework.boot.autoconfigure.logging.ConditionEvaluationReportLoggingListener:

Error starting ApplicationContext. To display the conditions report re-run your application with 'debug' enabled.
2023-06-20 21:51:18,205 ERROR [restartedMain] org.springframework.boot.diagnostics.LoggingFailureAnalysisReporter:

***************************
APPLICATION FAILED TO START
***************************

Description:

Field userDetailsService in com.tpe.security.WebSecurityConfig required a bean of type 'org.springframework.security.core.userdetails.UserDetailsService' that could not be found.

The injection point has the following annotations:
	- @org.springframework.beans.factory.annotation.Autowired(required=true)


Action:

Consider defining a bean of type 'org.springframework.security.core.userdetails.UserDetailsService' in your configuration.

